0 info it worked if it ends with ok
1 verbose cli [ '/usr/local/bin/node', '/usr/local/bin/npm', 'install' ]
2 info using npm@2.15.9
3 info using node@v4.6.0
4 verbose readDependencies loading dependencies from /Users/maxhallsett/dev/meanApp/package.json
5 warn package.json meanapp@1.0.0 No README data
6 verbose install where, deps [ '/Users/maxhallsett/dev/meanApp',
6 verbose install   [ 'body-parser',
6 verbose install     'co',
6 verbose install     'cookie-parser',
6 verbose install     'express',
6 verbose install     'express-session',
6 verbose install     'pug',
6 verbose install     'mongodb',
6 verbose install     'mongoose',
6 verbose install     'morgan',
6 verbose install     'mpromise',
6 verbose install     'passport',
6 verbose install     'passport-local',
6 verbose install     'stylus' ] ]
7 verbose install where, peers [ '/Users/maxhallsett/dev/meanApp', [] ]
8 verbose installManyTop reading for lifecycle /Users/maxhallsett/dev/meanApp/package.json
9 info preinstall meanapp@1.0.0
10 verbose installManyTop reading scoped package data from /Users/maxhallsett/dev/meanApp/node_modules/body-parser/package.json
11 verbose installManyTop reading scoped package data from /Users/maxhallsett/dev/meanApp/node_modules/co/package.json
12 verbose installManyTop reading scoped package data from /Users/maxhallsett/dev/meanApp/node_modules/cookie-parser/package.json
13 verbose installManyTop reading scoped package data from /Users/maxhallsett/dev/meanApp/node_modules/express/package.json
14 verbose installManyTop reading scoped package data from /Users/maxhallsett/dev/meanApp/node_modules/express-session/package.json
15 verbose installManyTop reading scoped package data from /Users/maxhallsett/dev/meanApp/node_modules/jade/package.json
16 verbose installManyTop reading scoped package data from /Users/maxhallsett/dev/meanApp/node_modules/mongodb/package.json
17 verbose installManyTop reading scoped package data from /Users/maxhallsett/dev/meanApp/node_modules/mongoose/package.json
18 verbose installManyTop reading scoped package data from /Users/maxhallsett/dev/meanApp/node_modules/morgan/package.json
19 verbose installManyTop reading scoped package data from /Users/maxhallsett/dev/meanApp/node_modules/mpromise/package.json
20 verbose installManyTop reading scoped package data from /Users/maxhallsett/dev/meanApp/node_modules/passport/package.json
21 verbose installManyTop reading scoped package data from /Users/maxhallsett/dev/meanApp/node_modules/passport-local/package.json
22 verbose installManyTop reading scoped package data from /Users/maxhallsett/dev/meanApp/node_modules/pug/package.json
23 verbose installManyTop reading scoped package data from /Users/maxhallsett/dev/meanApp/node_modules/stylus/package.json
24 info package.json passport-local@1.0.0 No license field.
25 verbose readDependencies loading dependencies from /Users/maxhallsett/dev/meanApp/package.json
26 verbose targetResolver reading package data from /Users/maxhallsett/dev/meanApp/node_modules/body-parser/package.json
27 verbose targetResolver reading package data from /Users/maxhallsett/dev/meanApp/node_modules/co/package.json
28 verbose targetResolver reading package data from /Users/maxhallsett/dev/meanApp/node_modules/cookie-parser/package.json
29 verbose targetResolver reading package data from /Users/maxhallsett/dev/meanApp/node_modules/express/package.json
30 verbose targetResolver reading package data from /Users/maxhallsett/dev/meanApp/node_modules/express-session/package.json
31 verbose targetResolver reading package data from /Users/maxhallsett/dev/meanApp/node_modules/jade/package.json
32 verbose targetResolver reading package data from /Users/maxhallsett/dev/meanApp/node_modules/mongodb/package.json
33 verbose targetResolver reading package data from /Users/maxhallsett/dev/meanApp/node_modules/mongoose/package.json
34 verbose targetResolver reading package data from /Users/maxhallsett/dev/meanApp/node_modules/morgan/package.json
35 verbose targetResolver reading package data from /Users/maxhallsett/dev/meanApp/node_modules/mpromise/package.json
36 verbose targetResolver reading package data from /Users/maxhallsett/dev/meanApp/node_modules/passport/package.json
37 verbose targetResolver reading package data from /Users/maxhallsett/dev/meanApp/node_modules/passport-local/package.json
38 verbose targetResolver reading package data from /Users/maxhallsett/dev/meanApp/node_modules/pug/package.json
39 verbose targetResolver reading package data from /Users/maxhallsett/dev/meanApp/node_modules/stylus/package.json
40 verbose targetResolver reading package data from /Users/maxhallsett/dev/meanApp/node_modules/.bin/jade/package.json
41 verbose targetResolver reading package data from /Users/maxhallsett/dev/meanApp/node_modules/.bin/stylus/package.json
42 verbose already installed skipping mongodb@^2.2.11 /Users/maxhallsett/dev/meanApp
43 verbose already installed skipping mongoose@^4.6.5 /Users/maxhallsett/dev/meanApp
44 verbose already installed skipping morgan@^1.7.0 /Users/maxhallsett/dev/meanApp
45 verbose already installed skipping mpromise@^0.5.5 /Users/maxhallsett/dev/meanApp
46 verbose already installed skipping passport@^0.3.2 /Users/maxhallsett/dev/meanApp
47 verbose already installed skipping passport-local@^1.0.0 /Users/maxhallsett/dev/meanApp
48 verbose already installed skipping stylus@^0.54.5 /Users/maxhallsett/dev/meanApp
49 verbose already installed skipping body-parser@^1.15.2 /Users/maxhallsett/dev/meanApp
50 verbose already installed skipping co@^4.6.0 /Users/maxhallsett/dev/meanApp
51 verbose already installed skipping cookie-parser@^1.4.3 /Users/maxhallsett/dev/meanApp
52 verbose already installed skipping express@^4.14.0 /Users/maxhallsett/dev/meanApp
53 verbose already installed skipping express-session@^1.14.2 /Users/maxhallsett/dev/meanApp
54 silly cache add args [ 'pug@^2.0.0', null ]
55 verbose cache add spec pug@^2.0.0
56 silly cache add parsed spec Result {
56 silly cache add   raw: 'pug@^2.0.0',
56 silly cache add   scope: null,
56 silly cache add   name: 'pug',
56 silly cache add   rawSpec: '^2.0.0',
56 silly cache add   spec: '>=2.0.0 <3.0.0',
56 silly cache add   type: 'range' }
57 silly addNamed pug@>=2.0.0 <3.0.0
58 verbose addNamed ">=2.0.0 <3.0.0" is a valid semver range for pug
59 silly addNameRange { name: 'pug', range: '>=2.0.0 <3.0.0', hasData: false }
60 silly mapToRegistry name pug
61 silly mapToRegistry using default registry
62 silly mapToRegistry registry https://registry.npmjs.org/
63 silly mapToRegistry data Result {
63 silly mapToRegistry   raw: 'pug',
63 silly mapToRegistry   scope: null,
63 silly mapToRegistry   name: 'pug',
63 silly mapToRegistry   rawSpec: '',
63 silly mapToRegistry   spec: 'latest',
63 silly mapToRegistry   type: 'tag' }
64 silly mapToRegistry uri https://registry.npmjs.org/pug
65 verbose addNameRange registry:https://registry.npmjs.org/pug not in flight; fetching
66 verbose request uri https://registry.npmjs.org/pug
67 verbose request no auth needed
68 info attempt registry request try #1 at 2:43:26 PM
69 verbose request id 73df00045a55e8ea
70 verbose etag "4ZGH5EKV4YJTAVJEUFBIO8SBU"
71 http request GET https://registry.npmjs.org/pug
72 http 304 https://registry.npmjs.org/pug
73 verbose headers { date: 'Tue, 01 Nov 2016 18:43:26 GMT',
73 verbose headers   via: '1.1 varnish',
73 verbose headers   'cache-control': 'max-age=300',
73 verbose headers   etag: '"4ZGH5EKV4YJTAVJEUFBIO8SBU"',
73 verbose headers   age: '223',
73 verbose headers   connection: 'keep-alive',
73 verbose headers   'x-served-by': 'cache-iad2137-IAD',
73 verbose headers   'x-cache': 'HIT',
73 verbose headers   'x-cache-hits': '1',
73 verbose headers   'x-timer': 'S1478025806.388307,VS0,VE0',
73 verbose headers   vary: 'Accept-Encoding' }
74 silly get cb [ 304,
74 silly get   { date: 'Tue, 01 Nov 2016 18:43:26 GMT',
74 silly get     via: '1.1 varnish',
74 silly get     'cache-control': 'max-age=300',
74 silly get     etag: '"4ZGH5EKV4YJTAVJEUFBIO8SBU"',
74 silly get     age: '223',
74 silly get     connection: 'keep-alive',
74 silly get     'x-served-by': 'cache-iad2137-IAD',
74 silly get     'x-cache': 'HIT',
74 silly get     'x-cache-hits': '1',
74 silly get     'x-timer': 'S1478025806.388307,VS0,VE0',
74 silly get     vary: 'Accept-Encoding' } ]
75 verbose etag https://registry.npmjs.org/pug from cache
76 verbose get saving pug to /Users/maxhallsett/.npm/registry.npmjs.org/pug/.cache.json
77 verbose correctMkdir /Users/maxhallsett/.npm correctMkdir not in flight; initializing
78 silly addNameRange number 2 { name: 'pug', range: '>=2.0.0 <3.0.0', hasData: true }
79 silly addNameRange versions [ 'pug',
79 silly addNameRange   [ '0.0.0',
79 silly addNameRange     '0.1.0',
79 silly addNameRange     '2.0.0-alpha1',
79 silly addNameRange     '2.0.0-alpha2',
79 silly addNameRange     '2.0.0-alpha3',
79 silly addNameRange     '2.0.0-alpha4',
79 silly addNameRange     '2.0.0-alpha5',
79 silly addNameRange     '2.0.0-alpha6',
79 silly addNameRange     '2.0.0-alpha7',
79 silly addNameRange     '2.0.0-alpha8',
79 silly addNameRange     '2.0.0-beta1',
79 silly addNameRange     '2.0.0-beta2',
79 silly addNameRange     '2.0.0-beta3',
79 silly addNameRange     '2.0.0-beta4',
79 silly addNameRange     '2.0.0-beta5',
79 silly addNameRange     '2.0.0-beta6' ] ]
80 verbose stack Error: No compatible version found: pug@'>=2.0.0 <3.0.0'
80 verbose stack Valid install targets:
80 verbose stack ["0.0.0","0.1.0","2.0.0-alpha1","2.0.0-alpha2","2.0.0-alpha3","2.0.0-alpha4","2.0.0-alpha5","2.0.0-alpha6","2.0.0-alpha7","2.0.0-alpha8","2.0.0-beta1","2.0.0-beta2","2.0.0-beta3","2.0.0-beta4","2.0.0-beta5","2.0.0-beta6"]
80 verbose stack
80 verbose stack     at installTargetsError (/usr/local/lib/node_modules/npm/lib/cache/add-named.js:284:12)
80 verbose stack     at next (/usr/local/lib/node_modules/npm/lib/cache/add-named.js:262:19)
80 verbose stack     at setData (/usr/local/lib/node_modules/npm/lib/cache/add-named.js:236:5)
80 verbose stack     at RES (/usr/local/lib/node_modules/npm/node_modules/inflight/inflight.js:23:14)
80 verbose stack     at f (/usr/local/lib/node_modules/npm/node_modules/once/once.js:17:25)
80 verbose stack     at fixName (/usr/local/lib/node_modules/npm/lib/cache/add-named.js:29:5)
80 verbose stack     at saved (/usr/local/lib/node_modules/npm/lib/cache/caching-client.js:173:7)
80 verbose stack     at /usr/local/lib/node_modules/npm/node_modules/graceful-fs/polyfills.js:210:7
80 verbose stack     at FSReqWrap.oncomplete (fs.js:82:15)
81 verbose cwd /Users/maxhallsett/dev/meanApp
82 error Darwin 16.1.0
83 error argv "/usr/local/bin/node" "/usr/local/bin/npm" "install"
84 error node v4.6.0
85 error npm  v2.15.9
86 error code ETARGET
87 error notarget No compatible version found: pug@'>=2.0.0 <3.0.0'
87 error notarget Valid install targets:
87 error notarget ["0.0.0","0.1.0","2.0.0-alpha1","2.0.0-alpha2","2.0.0-alpha3","2.0.0-alpha4","2.0.0-alpha5","2.0.0-alpha6","2.0.0-alpha7","2.0.0-alpha8","2.0.0-beta1","2.0.0-beta2","2.0.0-beta3","2.0.0-beta4","2.0.0-beta5","2.0.0-beta6"]
87 error notarget
87 error notarget This is most likely not a problem with npm itself.
87 error notarget In most cases you or one of your dependencies are requesting
87 error notarget a package version that doesn't exist.
87 error notarget
87 error notarget It was specified as a dependency of 'meanapp'
88 verbose exit [ 1, true ]
